2021-07-06 14:09:57,048 INFO  [org.wildfly.extension.undertow] (ServerService Thread Pool -- 115) WFLYUT0022: Unregistered web context: /RestAPI
2021-07-06 14:09:57,260 INFO  [org.jboss.weld.deployer] (MSC service thread 1-4) WFLYWELD0010: Stopping weld service for deployment RestAPI.war
2021-07-06 14:09:57,360 INFO  [org.jboss.as.jpa] (ServerService Thread Pool -- 120) WFLYJPA0011: Stopping Persistence Unit (phase 2 of 2) Service 'RestAPI.war#primary'
2021-07-06 14:09:57,380 INFO  [org.hibernate.tool.hbm2ddl.SchemaExport] (ServerService Thread Pool -- 120) HHH000227: Running hbm2ddl schema export
2021-07-06 14:09:57,971 INFO  [org.hibernate.tool.hbm2ddl.SchemaExport] (ServerService Thread Pool -- 120) HHH000230: Schema export complete
2021-07-06 14:09:58,003 INFO  [org.jboss.as.jpa] (ServerService Thread Pool -- 120) WFLYJPA0011: Stopping Persistence Unit (phase 1 of 2) Service 'RestAPI.war#primary'
2021-07-06 14:09:58,096 INFO  [org.jboss.as.connector.subsystems.datasources] (MSC service thread 1-5) WFLYJCA0010: Unbound data source [java:jboss/datasources/RestAPIDS]
2021-07-06 14:09:58,278 INFO  [org.jboss.as.server.deployment] (MSC service thread 1-3) WFLYSRV0028: Stopped deployment RestAPI.war (runtime-name: RestAPI.war) in 1305ms
2021-07-06 14:09:58,290 INFO  [org.jboss.as.clustering.infinispan] (ServerService Thread Pool -- 120) WFLYCLINF0003: Stopped client-mappings cache from ejb container
2021-07-06 14:09:58,559 INFO  [org.jboss.as.repository] (management-handler-thread - 17) WFLYDR0002: Content removed from location /Users/kristofereinarsson/Development/private/Java-Guide/jboss-eap-7.0/standalone/data/content/61/af2512b488133c6d482840dcc2ca21b3fa0ec9/content
2021-07-06 14:09:58,559 INFO  [org.jboss.as.server] (management-handler-thread - 17) WFLYSRV0009: Undeployed "RestAPI.war" (runtime-name: "RestAPI.war")
2021-07-06 14:09:58,702 INFO  [org.jboss.as.repository] (management-handler-thread - 18) WFLYDR0001: Content added at location /Users/kristofereinarsson/Development/private/Java-Guide/jboss-eap-7.0/standalone/data/content/78/01068c8dd23d1e4a3549f5de444f7f92673cb6/content
2021-07-06 14:09:58,717 INFO  [org.jboss.as.server.deployment] (MSC service thread 1-1) WFLYSRV0027: Starting deployment of "RestAPI.war" (runtime-name: "RestAPI.war")
2021-07-06 14:09:59,924 INFO  [org.jboss.as.jpa] (MSC service thread 1-2) WFLYJPA0002: Read persistence.xml for primary
2021-07-06 14:09:59,933 WARN  [org.jboss.as.connector] (MSC service thread 1-2) WFLYJCA0091: -ds.xml file deployments are deprecated. Support may be removed in a future version.
2021-07-06 14:10:00,133 INFO  [org.jboss.as.connector.subsystems.datasources] (MSC service thread 1-2) WFLYJCA0001: Bound data source [java:jboss/datasources/RestAPIDS]
2021-07-06 14:10:00,149 INFO  [org.jboss.as.jpa] (ServerService Thread Pool -- 120) WFLYJPA0010: Starting Persistence Unit (phase 1 of 2) Service 'RestAPI.war#primary'
2021-07-06 14:10:00,150 INFO  [org.hibernate.jpa.internal.util.LogHelper] (ServerService Thread Pool -- 120) HHH000204: Processing PersistenceUnitInfo [
	name: primary
	...]
2021-07-06 14:10:00,194 INFO  [org.jboss.weld.deployer] (MSC service thread 1-1) WFLYWELD0003: Processing weld deployment RestAPI.war
2021-07-06 14:10:00,206 INFO  [org.hibernate.orm.deprecation] (ServerService Thread Pool -- 120) HHH90000001: Found usage of deprecated setting for specifying Scanner [hibernate.ejb.resource_scanner]; use [hibernate.archive.scanner] instead
2021-07-06 14:10:00,246 INFO  [org.jboss.as.ejb3.deployment] (MSC service thread 1-1) WFLYEJB0473: JNDI bindings for session bean named 'HealthCheckService' in deployment unit 'deployment "RestAPI.war"' are as follows:

	java:global/RestAPI/HealthCheckService!com.appdev.cic.RestAPI.rest.HealthCheckService
	java:app/RestAPI/HealthCheckService!com.appdev.cic.RestAPI.rest.HealthCheckService
	java:module/HealthCheckService!com.appdev.cic.RestAPI.rest.HealthCheckService
	java:global/RestAPI/HealthCheckService
	java:app/RestAPI/HealthCheckService
	java:module/HealthCheckService

2021-07-06 14:10:00,246 INFO  [org.jboss.as.ejb3.deployment] (MSC service thread 1-1) WFLYEJB0473: JNDI bindings for session bean named 'MemberRegistration' in deployment unit 'deployment "RestAPI.war"' are as follows:

	java:global/RestAPI/MemberRegistration!com.appdev.cic.RestAPI.service.MemberRegistration
	java:app/RestAPI/MemberRegistration!com.appdev.cic.RestAPI.service.MemberRegistration
	java:module/MemberRegistration!com.appdev.cic.RestAPI.service.MemberRegistration
	java:global/RestAPI/MemberRegistration
	java:app/RestAPI/MemberRegistration
	java:module/MemberRegistration

2021-07-06 14:10:00,248 INFO  [org.jboss.as.ejb3.deployment] (MSC service thread 1-1) WFLYEJB0473: JNDI bindings for session bean named 'MemberRemoval' in deployment unit 'deployment "RestAPI.war"' are as follows:

	java:global/RestAPI/MemberRemoval!com.appdev.cic.RestAPI.service.MemberRemoval
	java:app/RestAPI/MemberRemoval!com.appdev.cic.RestAPI.service.MemberRemoval
	java:module/MemberRemoval!com.appdev.cic.RestAPI.service.MemberRemoval
	java:global/RestAPI/MemberRemoval
	java:app/RestAPI/MemberRemoval
	java:module/MemberRemoval

2021-07-06 14:10:00,462 INFO  [org.infinispan.configuration.cache.EvictionConfigurationBuilder] (ServerService Thread Pool -- 120) ISPN000152: Passivation configured without an eviction policy being selected. Only manually evicted entities will be passivated.
2021-07-06 14:10:00,474 INFO  [org.infinispan.configuration.cache.EvictionConfigurationBuilder] (ServerService Thread Pool -- 120) ISPN000152: Passivation configured without an eviction policy being selected. Only manually evicted entities will be passivated.
2021-07-06 14:10:00,475 INFO  [org.infinispan.configuration.cache.EvictionConfigurationBuilder] (ServerService Thread Pool -- 120) ISPN000152: Passivation configured without an eviction policy being selected. Only manually evicted entities will be passivated.
2021-07-06 14:10:00,476 INFO  [org.infinispan.configuration.cache.EvictionConfigurationBuilder] (ServerService Thread Pool -- 120) ISPN000152: Passivation configured without an eviction policy being selected. Only manually evicted entities will be passivated.
2021-07-06 14:10:00,479 INFO  [org.jboss.weld.deployer] (MSC service thread 1-6) WFLYWELD0006: Starting Services for CDI deployment: RestAPI.war
2021-07-06 14:10:00,510 INFO  [org.jboss.weld.deployer] (MSC service thread 1-4) WFLYWELD0009: Starting weld service for deployment RestAPI.war
2021-07-06 14:10:00,576 INFO  [org.jboss.as.jpa] (ServerService Thread Pool -- 117) WFLYJPA0010: Starting Persistence Unit (phase 2 of 2) Service 'RestAPI.war#primary'
2021-07-06 14:10:00,669 INFO  [org.hibernate.dialect.Dialect] (ServerService Thread Pool -- 117) HHH000400: Using dialect: org.hibernate.dialect.H2Dialect
2021-07-06 14:10:00,679 WARN  [org.hibernate.dialect.H2Dialect] (ServerService Thread Pool -- 117) HHH000431: Unable to determine H2 database version, certain features may not work
2021-07-06 14:10:00,708 INFO  [org.jboss.as.clustering.infinispan] (ServerService Thread Pool -- 120) WFLYCLINF0002: Started client-mappings cache from ejb container
2021-07-06 14:10:00,807 INFO  [org.hibernate.envers.boot.internal.EnversServiceImpl] (ServerService Thread Pool -- 117) Envers integration enabled? : true
2021-07-06 14:10:01,052 INFO  [org.hibernate.tool.hbm2ddl.SchemaExport] (ServerService Thread Pool -- 117) HHH000227: Running hbm2ddl schema export
2021-07-06 14:10:01,055 INFO  [org.hibernate.tool.hbm2ddl.SchemaExport] (ServerService Thread Pool -- 117) HHH000476: Executing import script '/import.sql'
2021-07-06 14:10:01,058 ERROR [org.hibernate.tool.hbm2ddl.SchemaExport] (ServerService Thread Pool -- 117) HHH000388: Unsuccessful: insert into Member (id, name, email, phone_number) values (0, 'John Smith', 'john.smith@mailinator.com', '2125551212')
2021-07-06 14:10:01,058 ERROR [org.hibernate.tool.hbm2ddl.SchemaExport] (ServerService Thread Pool -- 117) NULL not allowed for column "IDNUBER"; SQL statement:
insert into Member (id, name, email, phone_number) values (0, 'John Smith', 'john.smith@mailinator.com', '2125551212') [23502-173]
2021-07-06 14:10:01,059 INFO  [org.hibernate.tool.hbm2ddl.SchemaExport] (ServerService Thread Pool -- 117) HHH000230: Schema export complete
2021-07-06 14:10:01,521 INFO  [javax.enterprise.resource.webcontainer.jsf.config] (ServerService Thread Pool -- 122) Initializing Mojarra 2.2.12-jbossorg-2  for context '/RestAPI'
2021-07-06 14:10:01,844 INFO  [org.jboss.resteasy.resteasy_jaxrs.i18n] (ServerService Thread Pool -- 122) RESTEASY002225: Deploying javax.ws.rs.core.Application: class com.appdev.cic.RestAPI.rest.JaxRsActivator$Proxy$_$$_WeldClientProxy
2021-07-06 14:10:01,857 INFO  [org.wildfly.extension.undertow] (ServerService Thread Pool -- 122) WFLYUT0021: Registered web context: /RestAPI
2021-07-06 14:10:01,872 INFO  [org.jboss.as.server] (management-handler-thread - 18) WFLYSRV0010: Deployed "RestAPI.war" (runtime-name : "RestAPI.war")
